#
# A fatal error has been detected by the Java Runtime Environment:
#
#  EXCEPTION_ACCESS_VIOLATION (0xc0000005) at pc=0x0000000180005b6b, pid=5564, tid=0x00000000000013bc
#
# JRE version: Java(TM) SE Runtime Environment (8.0_121-b13) (build 1.8.0_121-b13)
# Java VM: Java HotSpot(TM) 64-Bit Server VM (25.121-b13 mixed mode windows-amd64 compressed oops)
# Problematic frame:
# C  [rxtxSerial.dll+0x5b6b]
#
# Failed to write core dump. Minidumps are not enabled by default on client versions of Windows
#
# If you would like to submit a bug report, please visit:
#   http://bugreport.java.com/bugreport/crash.jsp
# The crash happened outside the Java Virtual Machine in native code.
# See problematic frame for where to report the bug.
#

---------------  T H R E A D  ---------------

Current thread (0x0000000057b39000):  JavaThread "Thread-1" [_thread_in_native, id=5052, stack(0x0000000058480000,0x0000000058580000)]

siginfo: ExceptionCode=0xc0000005, writing address 0x000000005896f258

Registers:
RAX=0x00000000ffffffff, RBX=0x0000000000000000, RCX=0x0000000000000000, RDX=0x0000000000000000
RSP=0x000000005857f370, RBP=0x00000000ffffffff, RSI=0x0000000000000003, RDI=0x0000000000000001
R8 =0x000007fffff94000, R9 =0x0000000180000000, R10=0x0000000000000000, R11=0x0000000000000200
R12=0x000000005896f250, R13=0x0000000000000001, R14=0x0000000000000000, R15=0x0000000000000000
RIP=0x0000000180005b6b, EFLAGS=0x0000000000010286

Top of Stack: (sp=0x000000005857f370)
0x000000005857f370:   0000000000000000 0000000000000000
0x000000005857f380:   0000000000000000 0000000000000000
0x000000005857f390:   0000000000000000 000000005857f4d0
0x000000005857f3a0:   000000005857f610 0000000000000001
0x000000005857f3b0:   0000000057b391f8 0000000000000001
0x000000005857f3c0:   ffffffffffffffff 0000000180006211
0x000000005857f3d0:   0000000058970de0 0000000000000001
0x000000005857f3e0:   0000000000000001 0000000058970de0
0x000000005857f3f0:   0000000000000001 00000000ffffffff
0x000000005857f400:   000000005857f4c8 0000000057b391f8
0x000000005857f410:   000000005857f500 0000000180006920
0x000000005857f420:   0000000057b391f8 000000004004667f
0x000000005857f430:   000000005857f440 fffffffffffff8b8
0x000000005857f440:   0000000000000000 0000ee1f9bb8301d
0x000000005857f450:   00000000ffffffff 000000005857f610
0x000000005857f460:   0000000057b39000 000000005857f690 

Instructions: (pc=0x0000000180005b6b)
0x0000000180005b4b:   31 00 00 85 c0 78 33 74 06 03 d8 2b f8 eb 0a b9
0x0000000180005b5b:   e8 03 00 00 e8 1c 1c 00 00 41 3b dd 7c b7 8b c3
0x0000000180005b6b:   45 89 74 24 08 48 8b 5c 24 60 48 83 c4 20 41 5f
0x0000000180005b7b:   41 5e 41 5d 41 5c 5f 5e 5d c3 e8 1e 61 00 00 83 


Register to memory mapping:

RAX=0x00000000ffffffff is an unallocated location in the heap
RBX=0x0000000000000000 is an unknown value
RCX=0x0000000000000000 is an unknown value
RDX=0x0000000000000000 is an unknown value
RSP=0x000000005857f370 is pointing into the stack for thread: 0x0000000057b39000
RBP=0x00000000ffffffff is an unallocated location in the heap
RSI=0x0000000000000003 is an unknown value
RDI=0x0000000000000001 is an unknown value
R8 =0x000007fffff94000 is an unknown value
R9 =0x0000000180000000 is an unknown value
R10=0x0000000000000000 is an unknown value
R11=0x0000000000000200 is an unknown value
R12=0x000000005896f250 is an unknown value
R13=0x0000000000000001 is an unknown value
R14=0x0000000000000000 is an unknown value
R15=0x0000000000000000 is an unknown value


Stack: [0x0000000058480000,0x0000000058580000],  sp=0x000000005857f370,  free space=1020k
Native frames: (J=compiled Java code, j=interpreted, Vv=VM code, C=native code)
C  [rxtxSerial.dll+0x5b6b]
C  [rxtxSerial.dll+0x6211]
C  0x0000000002a81c1a

Java frames: (J=compiled Java code, j=interpreted, Vv=VM code)
J 401  gnu.io.RXTXPort.readArray([BII)I (0 bytes) @ 0x0000000002a81b94 [0x0000000002a81b40+0x54]
J 399 C1 gnu.io.RXTXPort$SerialInputStream.read([BII)I (230 bytes) @ 0x0000000002a82d94 [0x0000000002a82560+0x834]
J 397 C1 java.io.DataInputStream.read([B)I (12 bytes) @ 0x0000000002a8144c [0x0000000002a81340+0x10c]
j  MyUart$SerialReader.run()V+19
v  ~StubRoutines::call_stub

---------------  P R O C E S S  ---------------

Java Threads: ( => current thread )
  0x000000000028f000 JavaThread "DestroyJavaVM" [_thread_blocked, id=4476, stack(0x00000000024d0000,0x00000000025d0000)]
  0x0000000058a50000 JavaThread "AWT-EventQueue-0" [_thread_blocked, id=5388, stack(0x00000000598e0000,0x00000000599e0000)]
  0x00000000589e9000 JavaThread "AWT-Shutdown" [_thread_blocked, id=4400, stack(0x00000000593c0000,0x00000000594c0000)]
  0x00000000589e4000 JavaThread "Java2D Disposer" daemon [_thread_blocked, id=1072, stack(0x00000000592c0000,0x00000000593c0000)]
=>0x0000000057b39000 JavaThread "Thread-1" [_thread_in_native, id=5052, stack(0x0000000058480000,0x0000000058580000)]
  0x0000000057a25800 JavaThread "Service Thread" daemon [_thread_blocked, id=3104, stack(0x00000000576d0000,0x00000000577d0000)]
  0x0000000057996800 JavaThread "C1 CompilerThread2" daemon [_thread_blocked, id=3784, stack(0x0000000058380000,0x0000000058480000)]
  0x000000005798d000 JavaThread "C2 CompilerThread1" daemon [_thread_blocked, id=4896, stack(0x00000000581b0000,0x00000000582b0000)]
  0x000000005798c800 JavaThread "C2 CompilerThread0" daemon [_thread_blocked, id=5156, stack(0x00000000580a0000,0x00000000581a0000)]
  0x0000000057981000 JavaThread "Monitor Ctrl-Break" daemon [_thread_in_native, id=4812, stack(0x0000000057f40000,0x0000000058040000)]
  0x000000005622f800 JavaThread "Attach Listener" daemon [_thread_blocked, id=4164, stack(0x0000000057d30000,0x0000000057e30000)]
  0x000000005622e000 JavaThread "Signal Dispatcher" daemon [_thread_blocked, id=4724, stack(0x0000000057820000,0x0000000057920000)]
  0x0000000056209000 JavaThread "Finalizer" daemon [_thread_blocked, id=2828, stack(0x0000000057290000,0x0000000057390000)]
  0x00000000561c5800 JavaThread "Reference Handler" daemon [_thread_blocked, id=3300, stack(0x0000000057590000,0x0000000057690000)]

Other Threads:
  0x00000000561bc800 VMThread [stack: 0x00000000573c0000,0x00000000574c0000] [id=2424]

VM state:at safepoint (normal execution)

VM Mutex/Monitor currently owned by a thread:  ([mutex/lock_event])
[0x000000000028d180] Threads_lock - owner thread: 0x00000000561bc800

Heap:
 PSYoungGen      total 28160K, used 21632K [0x00000000e0d00000, 0x00000000e2c00000, 0x0000000100000000)
  eden space 24576K, 88% used [0x00000000e0d00000,0x00000000e22203a8,0x00000000e2500000)
  from space 3584K, 0% used [0x00000000e2880000,0x00000000e2880000,0x00000000e2c00000)
  to   space 3584K, 0% used [0x00000000e2500000,0x00000000e2500000,0x00000000e2880000)
 ParOldGen       total 64512K, used 0K [0x00000000a2600000, 0x00000000a6500000, 0x00000000e0d00000)
  object space 64512K, 0% used [0x00000000a2600000,0x00000000a2600000,0x00000000a6500000)
 Metaspace       used 9685K, capacity 9928K, committed 10240K, reserved 1058816K
  class space    used 1115K, capacity 1198K, committed 1280K, reserved 1048576K

Card table byte_map: [0x0000000011c60000,0x0000000011f50000] byte_map_base: 0x000000001174d000

Marking Bits: (ParMarkBitMap*) 0x000000006154b6d0
 Begin Bits: [0x0000000012670000, 0x0000000013dd8000)
 End Bits:   [0x0000000013dd8000, 0x0000000015540000)

Polling page: 0x0000000000240000

CodeCache: size=245760Kb used=2516Kb max_used=2516Kb free=243243Kb
 bounds [0x00000000028a0000, 0x0000000002b20000, 0x00000000118a0000]
 total_blobs=1111 nmethods=673 adapters=351
 compilation: enabled

Compilation events (10 events):
Event: 7.627 Thread 0x0000000057996800  669       1       java.lang.CharacterDataLatin1::getProperties (11 bytes)
Event: 7.628 Thread 0x0000000057996800 nmethod 669 0x0000000002b10cd0 code [0x0000000002b10e20, 0x0000000002b10f70]
Event: 8.507 Thread 0x0000000057996800  670       3       java.lang.CharacterDataLatin1::digit (91 bytes)
Event: 8.508 Thread 0x0000000057996800 nmethod 670 0x0000000002b11050 code [0x0000000002b111c0, 0x0000000002b11550]
Event: 9.907 Thread 0x0000000057996800  671       3       java.lang.String::trim (77 bytes)
Event: 9.908 Thread 0x0000000057996800 nmethod 671 0x0000000002b116d0 code [0x0000000002b11860, 0x0000000002b11d08]
Event: 10.070 Thread 0x0000000057996800  672       3       java.lang.Integer::parseInt (261 bytes)
Event: 10.072 Thread 0x0000000057996800 nmethod 672 0x0000000002b11e90 code [0x0000000002b12240, 0x0000000002b13fe8]
Event: 10.298 Thread 0x0000000057996800  673       3       GamePad::getInstance (20 bytes)
Event: 10.299 Thread 0x0000000057996800 nmethod 673 0x0000000002b15310 code [0x0000000002b15480, 0x0000000002b156a8]

GC Heap History (0 events):
No events

Deoptimization events (5 events):
Event: 2.022 Thread 0x000000000028f000 Uncommon trap: reason=null_check action=make_not_entrant pc=0x0000000002a3a594 method=java.lang.String.equals(Ljava/lang/Object;)Z @ 8
Event: 2.695 Thread 0x000000000028f000 Uncommon trap: reason=class_check action=maybe_recompile pc=0x0000000002a5b5cc method=java.lang.String.equals(Ljava/lang/Object;)Z @ 8
Event: 2.697 Thread 0x000000000028f000 Uncommon trap: reason=class_check action=maybe_recompile pc=0x0000000002a5b5cc method=java.lang.String.equals(Ljava/lang/Object;)Z @ 8
Event: 2.697 Thread 0x000000000028f000 Uncommon trap: reason=class_check action=maybe_recompile pc=0x0000000002a5b5cc method=java.lang.String.equals(Ljava/lang/Object;)Z @ 8
Event: 2.698 Thread 0x000000000028f000 Uncommon trap: reason=class_check action=maybe_recompile pc=0x0000000002a5b5cc method=java.lang.String.equals(Ljava/lang/Object;)Z @ 8

Internal exceptions (10 events):
Event: 0.454 Thread 0x000000000028f000 Exception <a 'java/security/PrivilegedActionException'> (0x00000000e0fa8030) thrown at [C:\re\workspace\8-2-build-windows-amd64-cygwin\jdk8u121\8372\hotspot\src\share\vm\prims\jvm.cpp, line 1390]
Event: 0.501 Thread 0x000000000028f000 Exception <a 'java/io/FileNotFoundException'> (0x00000000e103d350) thrown at [C:\re\workspace\8-2-build-windows-amd64-cygwin\jdk8u121\8372\hotspot\src\share\vm\prims\jni.cpp, line 709]
Event: 0.506 Thread 0x000000000028f000 Exception <a 'java/io/FileNotFoundException'> (0x00000000e1056ba0) thrown at [C:\re\workspace\8-2-build-windows-amd64-cygwin\jdk8u121\8372\hotspot\src\share\vm\prims\jni.cpp, line 709]
Event: 0.507 Thread 0x000000000028f000 Exception <a 'java/io/FileNotFoundException'> (0x00000000e1068460) thrown at [C:\re\workspace\8-2-build-windows-amd64-cygwin\jdk8u121\8372\hotspot\src\share\vm\prims\jni.cpp, line 709]
Event: 0.517 Thread 0x000000000028f000 Exception <a 'java/io/FileNotFoundException'> (0x00000000e10816a8) thrown at [C:\re\workspace\8-2-build-windows-amd64-cygwin\jdk8u121\8372\hotspot\src\share\vm\prims\jni.cpp, line 709]
Event: 0.603 Thread 0x000000000028f000 Exception <a 'java/lang/NoSuchFieldError': method resolution failed> (0x00000000e125e410) thrown at [C:\re\workspace\8-2-build-windows-amd64-cygwin\jdk8u121\8372\hotspot\src\share\vm\prims\methodHandles.cpp, line 1146]
Event: 0.605 Thread 0x000000000028f000 Exception <a 'java/lang/NoSuchFieldError': method resolution failed> (0x00000000e126c258) thrown at [C:\re\workspace\8-2-build-windows-amd64-cygwin\jdk8u121\8372\hotspot\src\share\vm\prims\methodHandles.cpp, line 1146]
Event: 0.644 Thread 0x000000000028f000 Exception <a 'java/io/FileNotFoundException'> (0x00000000e13ed230) thrown at [C:\re\workspace\8-2-build-windows-amd64-cygwin\jdk8u121\8372\hotspot\src\share\vm\prims\jni.cpp, line 709]
Event: 1.192 Thread 0x000000000028f000 Exception <a 'java/io/FileNotFoundException'> (0x00000000e14ac728) thrown at [C:\re\workspace\8-2-build-windows-amd64-cygwin\jdk8u121\8372\hotspot\src\share\vm\prims\jni.cpp, line 709]
Event: 2.022 Thread 0x000000000028f000 Implicit null exception at 0x0000000002a3a3c5 to 0x0000000002a3a585

Events (10 events):
Event: 5.347 loading class sun/reflect/UnsafeBooleanFieldAccessorImpl done
Event: 7.970 Thread 0x0000000058975800 Thread added: 0x0000000058975800
Event: 7.970 Thread 0x0000000058976800 Thread added: 0x0000000058976800
Event: 7.970 Thread 0x0000000058977800 Thread added: 0x0000000058977800
Event: 7.970 Thread 0x0000000058977800 Thread exited: 0x0000000058977800
Event: 7.973 Thread 0x00000000589e9800 Thread exited: 0x00000000589e9800
Event: 8.070 Thread 0x0000000058976800 Thread exited: 0x0000000058976800
Event: 10.971 Thread 0x0000000057ae2000 Thread exited: 0x0000000057ae2000
Event: 10.971 Thread 0x0000000058975800 Thread exited: 0x0000000058975800
Event: 10.971 Executing VM operation: Exit


Dynamic libraries:
0x000000013f8d0000 - 0x000000013f907000 	C:\Program Files\Java\jdk1.8.0_121\bin\java.exe
0x00000000772e0000 - 0x0000000077488000 	C:\Windows\SYSTEM32\ntdll.dll
0x00000000770c0000 - 0x00000000771df000 	C:\Windows\system32\kernel32.dll
0x000007fefd260000 - 0x000007fefd2cc000 	C:\Windows\system32\KERNELBASE.dll
0x000007fefdf00000 - 0x000007fefdfdb000 	C:\Windows\system32\ADVAPI32.dll
0x000007fefd790000 - 0x000007fefd82f000 	C:\Windows\system32\msvcrt.dll
0x000007fefd900000 - 0x000007fefd91f000 	C:\Windows\SYSTEM32\sechost.dll
0x000007fefd9c0000 - 0x000007fefdaed000 	C:\Windows\system32\RPCRT4.dll
0x00000000771e0000 - 0x00000000772da000 	C:\Windows\system32\USER32.dll
0x000007fefd830000 - 0x000007fefd897000 	C:\Windows\system32\GDI32.dll
0x000007feff5e0000 - 0x000007feff5ee000 	C:\Windows\system32\LPK.dll
0x000007fefd640000 - 0x000007fefd709000 	C:\Windows\system32\USP10.dll
0x000007fefbb00000 - 0x000007fefbcf4000 	C:\Windows\WinSxS\amd64_microsoft.windows.common-controls_6595b64144ccf1df_6.0.7601.17514_none_fa396087175ac9ac\COMCTL32.dll
0x000007fefd710000 - 0x000007fefd781000 	C:\Windows\system32\SHLWAPI.dll
0x000007fefdaf0000 - 0x000007fefdb1e000 	C:\Windows\system32\IMM32.DLL
0x000007fefddf0000 - 0x000007fefdef9000 	C:\Windows\system32\MSCTF.dll
0x0000000067630000 - 0x0000000067702000 	C:\Program Files\Java\jdk1.8.0_121\jre\bin\msvcr100.dll
0x0000000060d30000 - 0x00000000615cb000 	C:\Program Files\Java\jdk1.8.0_121\jre\bin\server\jvm.dll
0x000007fef0ae0000 - 0x000007fef0ae9000 	C:\Windows\system32\WSOCK32.dll
0x000007fefd5f0000 - 0x000007fefd63d000 	C:\Windows\system32\WS2_32.dll
0x000007feff5d0000 - 0x000007feff5d8000 	C:\Windows\system32\NSI.dll
0x000007fefac50000 - 0x000007fefac8b000 	C:\Windows\system32\WINMM.dll
0x000007fefc190000 - 0x000007fefc19c000 	C:\Windows\system32\VERSION.dll
0x00000000774b0000 - 0x00000000774b7000 	C:\Windows\system32\PSAPI.DLL
0x0000000070dc0000 - 0x0000000070dcf000 	C:\Program Files\Java\jdk1.8.0_121\jre\bin\verify.dll
0x0000000070d90000 - 0x0000000070db9000 	C:\Program Files\Java\jdk1.8.0_121\jre\bin\java.dll
0x0000000070d40000 - 0x0000000070d63000 	C:\Program Files\Java\jdk1.8.0_121\jre\bin\instrument.dll
0x0000000070d70000 - 0x0000000070d86000 	C:\Program Files\Java\jdk1.8.0_121\jre\bin\zip.dll
0x000007fefe760000 - 0x000007feff4e9000 	C:\Windows\system32\SHELL32.dll
0x000007fefe2d0000 - 0x000007fefe4d3000 	C:\Windows\system32\ole32.dll
0x000007fefd0b0000 - 0x000007fefd0bf000 	C:\Windows\system32\profapi.dll
0x000007fef82f0000 - 0x000007fef830a000 	C:\Program Files\JetBrains\IntelliJ IDEA 2017.1\bin\breakgen64.dll
0x0000000068ab0000 - 0x0000000068aca000 	C:\Program Files\Java\jdk1.8.0_121\jre\bin\net.dll
0x000007fefc880000 - 0x000007fefc8d5000 	C:\Windows\system32\mswsock.dll
0x000007fefc870000 - 0x000007fefc877000 	C:\Windows\System32\wship6.dll
0x0000000180000000 - 0x0000000180025000 	D:\workspace\GamePad\lib\rxtxSerial.dll
0x0000000066da0000 - 0x0000000066f38000 	C:\Program Files\Java\jdk1.8.0_121\jre\bin\awt.dll
0x000007feff4f0000 - 0x000007feff5c7000 	C:\Windows\system32\OLEAUT32.dll
0x000007fefb4f0000 - 0x000007fefb508000 	C:\Windows\system32\DWMAPI.DLL
0x000007fef0690000 - 0x000007fef07ad000 	C:\Windows\system32\opengl32.dll
0x000007fef0bd0000 - 0x000007fef0bfd000 	C:\Windows\system32\GLU32.dll
0x000007fef0590000 - 0x000007fef0681000 	C:\Windows\system32\DDRAW.dll
0x000007fef5e50000 - 0x000007fef5e58000 	C:\Windows\system32\DCIMAN32.dll
0x000007fefe500000 - 0x000007fefe6d7000 	C:\Windows\system32\SETUPAPI.dll
0x000007fefd140000 - 0x000007fefd176000 	C:\Windows\system32\CFGMGR32.dll
0x000007fefd110000 - 0x000007fefd12a000 	C:\Windows\system32\DEVOBJ.dll
0x000007fefb920000 - 0x000007fefb976000 	C:\Windows\system32\uxtheme.dll
0x000007fef16b0000 - 0x000007fef16bc000 	C:\Program Files (x86)\Yandex\Punto Switcher\PSHook64.dll
0x000007fefe4e0000 - 0x000007fefe4f9000 	C:\Windows\system32\imagehlp.dll
0x000007fefcf40000 - 0x000007fefcf4f000 	C:\Windows\system32\CRYPTBASE.dll
0x0000000068850000 - 0x0000000068897000 	C:\Program Files\Java\jdk1.8.0_121\jre\bin\fontmanager.dll
0x000007feec950000 - 0x000007feeca75000 	C:\Windows\system32\dbghelp.dll

VM Arguments:
jvm_args: -Djava.library.path=D:\workspace\GamePad\lib -javaagent:C:\Program Files\JetBrains\IntelliJ IDEA 2017.1\lib\idea_rt.jar=60960:C:\Program Files\JetBrains\IntelliJ IDEA 2017.1\bin -Dfile.encoding=UTF-8 
java_command: Main
java_class_path (initial): C:\Program Files\Java\jdk1.8.0_121\jre\lib\charsets.jar;C:\Program Files\Java\jdk1.8.0_121\jre\lib\deploy.jar;C:\Program Files\Java\jdk1.8.0_121\jre\lib\ext\access-bridge-64.jar;C:\Program Files\Java\jdk1.8.0_121\jre\lib\ext\cldrdata.jar;C:\Program Files\Java\jdk1.8.0_121\jre\lib\ext\dnsns.jar;C:\Program Files\Java\jdk1.8.0_121\jre\lib\ext\jaccess.jar;C:\Program Files\Java\jdk1.8.0_121\jre\lib\ext\jfxrt.jar;C:\Program Files\Java\jdk1.8.0_121\jre\lib\ext\localedata.jar;C:\Program Files\Java\jdk1.8.0_121\jre\lib\ext\nashorn.jar;C:\Program Files\Java\jdk1.8.0_121\jre\lib\ext\sunec.jar;C:\Program Files\Java\jdk1.8.0_121\jre\lib\ext\sunjce_provider.jar;C:\Program Files\Java\jdk1.8.0_121\jre\lib\ext\sunmscapi.jar;C:\Program Files\Java\jdk1.8.0_121\jre\lib\ext\sunpkcs11.jar;C:\Program Files\Java\jdk1.8.0_121\jre\lib\ext\zipfs.jar;C:\Program Files\Java\jdk1.8.0_121\jre\lib\javaws.jar;C:\Program Files\Java\jdk1.8.0_121\jre\lib\jce.jar;C:\Program Files\Java\jdk1.8.0_121\jre\lib\jfr.jar;C:\Program Files\Java\jdk1.8.0_121\jre\lib\jfxswt.jar;C:\Program Files\Java\jdk1.8.0_121\jre\lib\jsse.jar;C:\Program Files\Java\jdk1.8.0_121\jre\lib\management-agent.jar;C:\Program Files\Java\jdk1.8.0_121\jre\lib\plugin.jar;C:\Program Files\Java\jdk1.8.0_121\jre\lib\resources.jar;C:\Program Files\Java\jdk1.8.0_121\jre\lib\rt.jar;D:\workspace\GamePad\out\production\GamePad;D:\workspace\GamePad\lib\rxtx-2.1.7.jar;D:\workspace\GamePad\lib\jna-4.0.0.jar;D:\workspace\GamePad\lib\jna-platform-4.0.0.jar;C:\Program Files\JetBrains\IntelliJ IDEA 2017.1\lib\idea_rt.jar
Launcher Type: SUN_STANDARD

Environment Variables:
JAVA_HOME=c:\Program Files\Java\jdk1.8.0_121\
PATH=C:\ProgramData\Oracle\Java\javapath;C:\Windows\system32;C:\Windows;C:\Windows\System32\Wbem;C:\Windows\System32\WindowsPowerShell\v1.0\;c:\MinGW\msys\1.0\bin\;C:\Program Files (x86)\Bitvise SSH Client;C:\Program Files\Git\cmd;C:\Program Files\Git\mingw64\bin;C:\Program Files\Git\usr\bin
USERNAME=katz
OS=Windows_NT
PROCESSOR_IDENTIFIER=Intel64 Family 6 Model 58 Stepping 9, GenuineIntel



---------------  S Y S T E M  ---------------

OS: Windows 7 , 64 bit Build 7601 (6.1.7601.18798)

CPU:total 4 (2 cores per cpu, 2 threads per core) family 6 model 58 stepping 9, cmov, cx8, fxsr, mmx, sse, sse2, sse3, ssse3, sse4.1, sse4.2, popcnt, avx, clmul, erms, ht, tsc, tscinvbit, tscinv

Memory: 4k page, physical 6135204k(1682720k free), swap 8181352k(2684452k free)

vm_info: Java HotSpot(TM) 64-Bit Server VM (25.121-b13) for windows-amd64 JRE (1.8.0_121-b13), built on Dec 12 2016 18:21:36 by "java_re" with MS VC++ 10.0 (VS2010)

time: Fri Jun 23 21:25:40 2017
elapsed time: 11 seconds (0d 0h 0m 11s)

