#
# A fatal error has been detected by the Java Runtime Environment:
#
#  EXCEPTION_ACCESS_VIOLATION (0xc0000005) at pc=0x0000000180005b6b, pid=1000, tid=0x0000000000000694
#
# JRE version: Java(TM) SE Runtime Environment (8.0_121-b13) (build 1.8.0_121-b13)
# Java VM: Java HotSpot(TM) 64-Bit Server VM (25.121-b13 mixed mode windows-amd64 compressed oops)
# Problematic frame:
# C  [rxtxSerial.dll+0x5b6b]
#
# Failed to write core dump. Minidumps are not enabled by default on client versions of Windows
#
# If you would like to submit a bug report, please visit:
#   http://bugreport.java.com/bugreport/crash.jsp
# The crash happened outside the Java Virtual Machine in native code.
# See problematic frame for where to report the bug.
#

---------------  T H R E A D  ---------------

Current thread (0x00000000577ac000):  JavaThread "Thread-1" [_thread_in_native, id=1684, stack(0x0000000058290000,0x0000000058390000)]

siginfo: ExceptionCode=0xc0000005, writing address 0x000000005826eb58

Registers:
RAX=0x00000000ffffffff, RBX=0x0000000000000000, RCX=0x0000000000000000, RDX=0x0000000000000000
RSP=0x000000005838ee50, RBP=0x00000000ffffffff, RSI=0x0000000000000007, RDI=0x0000000000000001
R8 =0x000007fffff98000, R9 =0x0000000180000000, R10=0x0000000000000000, R11=0x0000000000000200
R12=0x000000005826eb50, R13=0x0000000000000001, R14=0x0000000000000000, R15=0x0000000000000000
RIP=0x0000000180005b6b, EFLAGS=0x0000000000010286

Top of Stack: (sp=0x000000005838ee50)
0x000000005838ee50:   0000000000000000 0000000000000000
0x000000005838ee60:   0000000000000000 0000000000000000
0x000000005838ee70:   0000000000000000 000000005838efb0
0x000000005838ee80:   000000005838f060 0000000000000001
0x000000005838ee90:   00000000577ac1f8 0000000000000001
0x000000005838eea0:   ffffffffffffffff 0000000180006211
0x000000005838eeb0:   00000000584c4fc0 0000000000000001
0x000000005838eec0:   0000000000000001 00000000584c4fc0
0x000000005838eed0:   0000000000000001 00000000ffffffff
0x000000005838eee0:   000000005838efa8 00000000577ac1f8
0x000000005838eef0:   000000005838efe0 0000000180006920
0x000000005838ef00:   00000000577ac1f8 000000004004667f
0x000000005838ef10:   000000005838ef20 fffffffffffff8b8
0x000000005838ef20:   0000000000000000 0000930c59165e19
0x000000005838ef30:   0000000055adf358 000000005838f060
0x000000005838ef40:   00000000577ac000 000000005838f0e0 

Instructions: (pc=0x0000000180005b6b)
0x0000000180005b4b:   31 00 00 85 c0 78 33 74 06 03 d8 2b f8 eb 0a b9
0x0000000180005b5b:   e8 03 00 00 e8 1c 1c 00 00 41 3b dd 7c b7 8b c3
0x0000000180005b6b:   45 89 74 24 08 48 8b 5c 24 60 48 83 c4 20 41 5f
0x0000000180005b7b:   41 5e 41 5d 41 5c 5f 5e 5d c3 e8 1e 61 00 00 83 


Register to memory mapping:

RAX=0x00000000ffffffff is an unallocated location in the heap
RBX=0x0000000000000000 is an unknown value
RCX=0x0000000000000000 is an unknown value
RDX=0x0000000000000000 is an unknown value
RSP=0x000000005838ee50 is pointing into the stack for thread: 0x00000000577ac000
RBP=0x00000000ffffffff is an unallocated location in the heap
RSI=0x0000000000000007 is an unknown value
RDI=0x0000000000000001 is an unknown value
R8 =0x000007fffff98000 is an unknown value
R9 =0x0000000180000000 is an unknown value
R10=0x0000000000000000 is an unknown value
R11=0x0000000000000200 is an unknown value
R12=0x000000005826eb50 is an unknown value
R13=0x0000000000000001 is an unknown value
R14=0x0000000000000000 is an unknown value
R15=0x0000000000000000 is an unknown value


Stack: [0x0000000058290000,0x0000000058390000],  sp=0x000000005838ee50,  free space=1019k
Native frames: (J=compiled Java code, j=interpreted, Vv=VM code, C=native code)
C  [rxtxSerial.dll+0x5b6b]
C  [rxtxSerial.dll+0x6211]
C  0x00000000026a255a

Java frames: (J=compiled Java code, j=interpreted, Vv=VM code)
J 429  gnu.io.RXTXPort.readArray([BII)I (0 bytes) @ 0x00000000026a24d4 [0x00000000026a2480+0x54]
J 483 C2 java.io.DataInputStream.read([B)I (12 bytes) @ 0x00000000026c0a4c [0x00000000026c0940+0x10c]
j  acdc.MyUart$SerialReader.run()V+19
v  ~StubRoutines::call_stub

---------------  P R O C E S S  ---------------

Java Threads: ( => current thread )
  0x00000000578ff000 JavaThread "Thread-2" [_thread_blocked, id=5108, stack(0x000000005a890000,0x000000005a990000)]
  0x0000000057817000 JavaThread "Thread-3" daemon [_thread_in_native, id=6444, stack(0x0000000058140000,0x0000000058240000)]
  0x0000000001e6e000 JavaThread "DestroyJavaVM" [_thread_blocked, id=820, stack(0x00000000020f0000,0x00000000021f0000)]
  0x000000005843a000 JavaThread "AWT-EventQueue-0" [_thread_blocked, id=6228, stack(0x0000000059d00000,0x0000000059e00000)]
  0x00000000583dc800 JavaThread "AWT-Windows" daemon [_thread_in_native, id=7120, stack(0x00000000590b0000,0x00000000591b0000)]
  0x00000000583da000 JavaThread "AWT-Shutdown" [_thread_blocked, id=5396, stack(0x0000000058f00000,0x0000000059000000)]
  0x00000000583d9000 JavaThread "Java2D Disposer" daemon [_thread_blocked, id=6844, stack(0x0000000058d80000,0x0000000058e80000)]
=>0x00000000577ac000 JavaThread "Thread-1" [_thread_in_native, id=1684, stack(0x0000000058290000,0x0000000058390000)]
  0x0000000057700800 JavaThread "Service Thread" daemon [_thread_blocked, id=4084, stack(0x0000000058000000,0x0000000058100000)]
  0x0000000057685000 JavaThread "C1 CompilerThread2" daemon [_thread_blocked, id=4700, stack(0x0000000057d80000,0x0000000057e80000)]
  0x0000000055e4f000 JavaThread "C2 CompilerThread1" daemon [_thread_blocked, id=4524, stack(0x0000000057b40000,0x0000000057c40000)]
  0x0000000055e4a800 JavaThread "C2 CompilerThread0" daemon [_thread_blocked, id=3196, stack(0x0000000057580000,0x0000000057680000)]
  0x0000000055e44000 JavaThread "Attach Listener" daemon [_thread_blocked, id=6740, stack(0x0000000057420000,0x0000000057520000)]
  0x0000000055e41000 JavaThread "Signal Dispatcher" daemon [_thread_blocked, id=4588, stack(0x0000000056dd0000,0x0000000056ed0000)]
  0x0000000055e29000 JavaThread "Finalizer" daemon [_thread_blocked, id=552, stack(0x0000000057240000,0x0000000057340000)]
  0x0000000055de1800 JavaThread "Reference Handler" daemon [_thread_blocked, id=3236, stack(0x00000000570e0000,0x00000000571e0000)]

Other Threads:
  0x0000000055dda000 VMThread [stack: 0x0000000056f00000,0x0000000057000000] [id=1052]
  0x0000000057727800 WatcherThread [stack: 0x0000000057f00000,0x0000000058000000] [id=4548]

VM state:not at safepoint (normal execution)

VM Mutex/Monitor currently owned by a thread: None

Heap:
 PSYoungGen      total 28160K, used 9851K [0x00000000e0d00000, 0x00000000e2c00000, 0x0000000100000000)
  eden space 24576K, 40% used [0x00000000e0d00000,0x00000000e169ecf8,0x00000000e2500000)
  from space 3584K, 0% used [0x00000000e2880000,0x00000000e2880000,0x00000000e2c00000)
  to   space 3584K, 0% used [0x00000000e2500000,0x00000000e2500000,0x00000000e2880000)
 ParOldGen       total 64512K, used 0K [0x00000000a2600000, 0x00000000a6500000, 0x00000000e0d00000)
  object space 64512K, 0% used [0x00000000a2600000,0x00000000a2600000,0x00000000a6500000)
 Metaspace       used 9526K, capacity 9694K, committed 9984K, reserved 1058816K
  class space    used 1175K, capacity 1231K, committed 1280K, reserved 1048576K

Card table byte_map: [0x0000000011880000,0x0000000011b70000] byte_map_base: 0x000000001136d000

Marking Bits: (ParMarkBitMap*) 0x000000006804b6d0
 Begin Bits: [0x0000000012290000, 0x00000000139f8000)
 End Bits:   [0x00000000139f8000, 0x0000000015160000)

Polling page: 0x0000000000220000

CodeCache: size=245760Kb used=2079Kb max_used=2092Kb free=243680Kb
 bounds [0x00000000024c0000, 0x0000000002730000, 0x00000000114c0000]
 total_blobs=943 nmethods=486 adapters=370
 compilation: enabled

Compilation events (10 events):
Event: 49.309 Thread 0x0000000055e4f000  481       4       java.lang.String::endsWith (17 bytes)
Event: 49.311 Thread 0x0000000055e4f000 nmethod 481 0x00000000026bc950 code [0x00000000026bcaa0, 0x00000000026bcc38]
Event: 54.552 Thread 0x0000000055e4a800  482   !   4       acdc.GamePad::runCommand (101 bytes)
Event: 54.564 Thread 0x0000000055e4a800 nmethod 482 0x00000000026c8410 code [0x00000000026c85a0, 0x00000000026c8e08]
Event: 59.038 Thread 0x0000000055e4f000  483       4       java.io.DataInputStream::read (12 bytes)
Event: 59.042 Thread 0x0000000055e4f000 nmethod 483 0x00000000026c07d0 code [0x00000000026c0940, 0x00000000026c0dd8]
Event: 69.666 Thread 0x0000000055e4a800  484       4       java.lang.StringBuilder::<init> (7 bytes)
Event: 69.667 Thread 0x0000000055e4a800 nmethod 484 0x00000000026c9bd0 code [0x00000000026c9d20, 0x00000000026c9e18]
Event: 89.177 Thread 0x0000000055e4f000  486       4       acdc.MyUart::access$000 (6 bytes)
Event: 89.187 Thread 0x0000000055e4f000 nmethod 486 0x00000000026ca550 code [0x00000000026ca6e0, 0x00000000026caf68]

GC Heap History (0 events):
No events

Deoptimization events (5 events):
Event: 0.337 Thread 0x0000000001e6e000 Uncommon trap: reason=class_check action=maybe_recompile pc=0x000000000264ff44 method=java.lang.String.equals(Ljava/lang/Object;)Z @ 8
Event: 0.339 Thread 0x0000000001e6e000 Uncommon trap: reason=class_check action=maybe_recompile pc=0x000000000264ff44 method=java.lang.String.equals(Ljava/lang/Object;)Z @ 8
Event: 0.354 Thread 0x0000000001e6e000 Uncommon trap: reason=class_check action=maybe_recompile pc=0x000000000264ff44 method=java.lang.String.equals(Ljava/lang/Object;)Z @ 8
Event: 0.354 Thread 0x0000000001e6e000 Uncommon trap: reason=class_check action=maybe_recompile pc=0x000000000264ff44 method=java.lang.String.equals(Ljava/lang/Object;)Z @ 8
Event: 31.036 Thread 0x00000000577ac000 Uncommon trap: reason=unstable_if action=reinterpret pc=0x00000000026bb93c method=acdc.GamePad.runCommand(Ljava/lang/String;)V @ 30

Internal exceptions (10 events):
Event: 0.142 Thread 0x0000000001e6e000 Exception <a 'java/io/IOException'> (0x00000000e0f00a28) thrown at [C:\re\workspace\8-2-build-windows-amd64-cygwin\jdk8u121\8372\hotspot\src\share\vm\prims\jni.cpp, line 709]
Event: 0.142 Thread 0x0000000001e6e000 Exception <a 'java/io/IOException'> (0x00000000e0f00cd8) thrown at [C:\re\workspace\8-2-build-windows-amd64-cygwin\jdk8u121\8372\hotspot\src\share\vm\prims\jni.cpp, line 709]
Event: 0.143 Thread 0x0000000001e6e000 Exception <a 'java/io/IOException'> (0x00000000e0f00f58) thrown at [C:\re\workspace\8-2-build-windows-amd64-cygwin\jdk8u121\8372\hotspot\src\share\vm\prims\jni.cpp, line 709]
Event: 0.187 Thread 0x0000000001e6e000 Exception <a 'java/lang/NoSuchFieldError': method resolution failed> (0x00000000e10c3dd0) thrown at [C:\re\workspace\8-2-build-windows-amd64-cygwin\jdk8u121\8372\hotspot\src\share\vm\prims\methodHandles.cpp, line 1146]
Event: 0.190 Thread 0x0000000001e6e000 Exception <a 'java/lang/NoSuchFieldError': method resolution failed> (0x00000000e10d1170) thrown at [C:\re\workspace\8-2-build-windows-amd64-cygwin\jdk8u121\8372\hotspot\src\share\vm\prims\methodHandles.cpp, line 1146]
Event: 0.222 Thread 0x0000000001e6e000 Exception <a 'java/io/FileNotFoundException'> (0x00000000e1153de8) thrown at [C:\re\workspace\8-2-build-windows-amd64-cygwin\jdk8u121\8372\hotspot\src\share\vm\prims\jni.cpp, line 709]
Event: 0.243 Thread 0x0000000001e6e000 Exception <a 'java/io/FileNotFoundException'> (0x00000000e117a050) thrown at [C:\re\workspace\8-2-build-windows-amd64-cygwin\jdk8u121\8372\hotspot\src\share\vm\prims\jni.cpp, line 709]
Event: 1.316 Thread 0x000000005843a000 Exception <a 'java/io/IOException'> (0x00000000e1361a98) thrown at [C:\re\workspace\8-2-build-windows-amd64-cygwin\jdk8u121\8372\hotspot\src\share\vm\prims\jni.cpp, line 709]
Event: 1.317 Thread 0x000000005843a000 Exception <a 'java/io/IOException'> (0x00000000e1361f30) thrown at [C:\re\workspace\8-2-build-windows-amd64-cygwin\jdk8u121\8372\hotspot\src\share\vm\prims\jni.cpp, line 709]
Event: 1.317 Thread 0x000000005843a000 Exception <a 'java/io/IOException'> (0x00000000e1362398) thrown at [C:\re\workspace\8-2-build-windows-amd64-cygwin\jdk8u121\8372\hotspot\src\share\vm\prims\jni.cpp, line 709]

Events (10 events):
Event: 31.037 loading class java/awt/AWTException done
Event: 31.037 loading class java/awt/Robot
Event: 31.037 loading class java/awt/Robot done
Event: 31.038 loading class sun/awt/windows/WRobotPeer
Event: 31.038 loading class java/awt/peer/RobotPeer
Event: 31.038 loading class java/awt/peer/RobotPeer done
Event: 31.038 loading class sun/awt/windows/WRobotPeer done
Event: 31.038 loading class java/awt/Robot$RobotDisposer
Event: 31.038 loading class java/awt/Robot$RobotDisposer done
Event: 102.325 Thread 0x0000000057817000 Thread exited: 0x0000000057817000


Dynamic libraries:
0x000000013f1b0000 - 0x000000013f1e7000 	C:\Program Files\Java\jre1.8.0_121\bin\javaw.exe
0x0000000076d20000 - 0x0000000076ec8000 	C:\Windows\SYSTEM32\ntdll.dll
0x0000000076b00000 - 0x0000000076c1f000 	C:\Windows\system32\kernel32.dll
0x000007fefccf0000 - 0x000007fefcd5c000 	C:\Windows\system32\KERNELBASE.dll
0x000007fefe150000 - 0x000007fefe22b000 	C:\Windows\system32\ADVAPI32.dll
0x000007fefd5e0000 - 0x000007fefd67f000 	C:\Windows\system32\msvcrt.dll
0x000007fefdbf0000 - 0x000007fefdc0f000 	C:\Windows\SYSTEM32\sechost.dll
0x000007fefd4b0000 - 0x000007fefd5dd000 	C:\Windows\system32\RPCRT4.dll
0x0000000076c20000 - 0x0000000076d1a000 	C:\Windows\system32\USER32.dll
0x000007fefefc0000 - 0x000007feff027000 	C:\Windows\system32\GDI32.dll
0x000007fefd810000 - 0x000007fefd81e000 	C:\Windows\system32\LPK.dll
0x000007fefd680000 - 0x000007fefd749000 	C:\Windows\system32\USP10.dll
0x000007fefb6f0000 - 0x000007fefb8e4000 	C:\Windows\WinSxS\amd64_microsoft.windows.common-controls_6595b64144ccf1df_6.0.7601.17514_none_fa396087175ac9ac\COMCTL32.dll
0x000007fefddf0000 - 0x000007fefde61000 	C:\Windows\system32\SHLWAPI.dll
0x000007fefdf10000 - 0x000007fefdf3e000 	C:\Windows\system32\IMM32.DLL
0x000007fefd820000 - 0x000007fefd929000 	C:\Windows\system32\MSCTF.dll
0x00000000680d0000 - 0x00000000681a2000 	C:\Program Files\Java\jre1.8.0_121\bin\msvcr100.dll
0x0000000067830000 - 0x00000000680cb000 	C:\Program Files\Java\jre1.8.0_121\bin\server\jvm.dll
0x000007feef850000 - 0x000007feef859000 	C:\Windows\system32\WSOCK32.dll
0x000007fefcea0000 - 0x000007fefceed000 	C:\Windows\system32\WS2_32.dll
0x000007fefdb80000 - 0x000007fefdb88000 	C:\Windows\system32\NSI.dll
0x000007fefafb0000 - 0x000007fefafeb000 	C:\Windows\system32\WINMM.dll
0x000007fefb690000 - 0x000007fefb69c000 	C:\Windows\system32\VERSION.dll
0x0000000076ee0000 - 0x0000000076ee7000 	C:\Windows\system32\PSAPI.DLL
0x0000000072890000 - 0x000000007289f000 	C:\Program Files\Java\jre1.8.0_121\bin\verify.dll
0x0000000068480000 - 0x00000000684a9000 	C:\Program Files\Java\jre1.8.0_121\bin\java.dll
0x00000000684f0000 - 0x0000000068506000 	C:\Program Files\Java\jre1.8.0_121\bin\zip.dll
0x000007fefe230000 - 0x000007fefefb9000 	C:\Windows\system32\SHELL32.dll
0x000007fefcef0000 - 0x000007fefd0f3000 	C:\Windows\system32\ole32.dll
0x000007fefcae0000 - 0x000007fefcaef000 	C:\Windows\system32\profapi.dll
0x0000000180000000 - 0x0000000180025000 	D:\workspace\GamePad\out\artifacts\GamePad_jar\rxtxSerial.dll
0x0000000067690000 - 0x0000000067828000 	C:\Program Files\Java\jre1.8.0_121\bin\awt.dll
0x000007fefd100000 - 0x000007fefd1d7000 	C:\Windows\system32\OLEAUT32.dll
0x000007fefa010000 - 0x000007fefa028000 	C:\Windows\system32\DWMAPI.DLL
0x000007fef1390000 - 0x000007fef14ad000 	C:\Windows\system32\opengl32.dll
0x000007fef1360000 - 0x000007fef138d000 	C:\Windows\system32\GLU32.dll
0x000007fef1160000 - 0x000007fef1251000 	C:\Windows\system32\DDRAW.dll
0x000007fef76b0000 - 0x000007fef76b8000 	C:\Windows\system32\DCIMAN32.dll
0x000007fefdc10000 - 0x000007fefdde7000 	C:\Windows\system32\SETUPAPI.dll
0x000007fefce60000 - 0x000007fefce96000 	C:\Windows\system32\CFGMGR32.dll
0x000007fefcb00000 - 0x000007fefcb1a000 	C:\Windows\system32\DEVOBJ.dll
0x000007fefb360000 - 0x000007fefb3b6000 	C:\Windows\system32\uxtheme.dll
0x000007fefc980000 - 0x000007fefc98f000 	C:\Windows\system32\CRYPTBASE.dll
0x000007feeded0000 - 0x000007feededc000 	C:\Program Files (x86)\Yandex\Punto Switcher\PSHook64.dll
0x000007fefd7f0000 - 0x000007fefd809000 	C:\Windows\system32\imagehlp.dll
0x0000000070b60000 - 0x0000000070ba7000 	C:\Program Files\Java\jre1.8.0_121\bin\fontmanager.dll
0x0000000068510000 - 0x000000006852a000 	C:\Program Files\Java\jre1.8.0_121\bin\net.dll
0x000007fefc3f0000 - 0x000007fefc445000 	C:\Windows\system32\mswsock.dll
0x000007fefc4e0000 - 0x000007fefc4e7000 	C:\Windows\System32\wship6.dll
0x0000000068460000 - 0x0000000068471000 	C:\Program Files\Java\jre1.8.0_121\bin\nio.dll
0x000000006cdb0000 - 0x000000006cdf2000 	C:\Program Files\Java\jre1.8.0_121\bin\t2k.dll
0x000007feedab0000 - 0x000007feedbd5000 	C:\Windows\system32\dbghelp.dll

VM Arguments:
java_command: D:\workspace\GamePad\out\artifacts\GamePad_jar\GamePad.exe
java_class_path (initial): D:\workspace\GamePad\out\artifacts\GamePad_jar\GamePad.exe
Launcher Type: SUN_STANDARD

Environment Variables:
JAVA_HOME=c:\Program Files\Java\jdk1.8.0_121\
PATH=C:\Program Files (x86)\NVIDIA Corporation\PhysX\Common;C:\PROGRA~2\Borland\CBUILD~1\Bin;C:\PROGRA~2\Borland\CBUILD~1\Projects\Bpl;C:\Program Files (x86)\Mozilla Firefox;C:\ProgramData\Oracle\Java\javapath;C:\Windows\system32;C:\Windows;C:\Windows\System32\Wbem;C:\Windows\System32\WindowsPowerShell\v1.0\;c:\MinGW\msys\1.0\bin\;C:\Program Files (x86)\Bitvise SSH Client;C:\Program Files\Git\cmd;C:\Program Files\Git\mingw64\bin;C:\Program Files\Git\usr\bin;C:\adb;C:\Program Files\PuTTY\;C:\Program Files\nodejs\;C:\Users\katz\AppData\Roaming\npm;C:\Program Files\Java\jre1.8.0_121\bin
USERNAME=katz
OS=Windows_NT
PROCESSOR_IDENTIFIER=Intel64 Family 6 Model 58 Stepping 9, GenuineIntel



---------------  S Y S T E M  ---------------

OS: Windows 7 , 64 bit Build 7601 (6.1.7601.18798)

CPU:total 4 (2 cores per cpu, 2 threads per core) family 6 model 58 stepping 9, cmov, cx8, fxsr, mmx, sse, sse2, sse3, ssse3, sse4.1, sse4.2, popcnt, avx, clmul, erms, ht, tsc, tscinvbit, tscinv

Memory: 4k page, physical 6135204k(3122900k free), swap 8181352k(3774140k free)

vm_info: Java HotSpot(TM) 64-Bit Server VM (25.121-b13) for windows-amd64 JRE (1.8.0_121-b13), built on Dec 12 2016 18:21:36 by "java_re" with MS VC++ 10.0 (VS2010)

time: Sat Jan 20 14:23:12 2018
elapsed time: 102 seconds (0d 0h 1m 42s)

