#
# A fatal error has been detected by the Java Runtime Environment:
#
#  EXCEPTION_ACCESS_VIOLATION (0xc0000005) at pc=0x0000000180005b6b, pid=4504, tid=0x0000000000001474
#
# JRE version: Java(TM) SE Runtime Environment (8.0_121-b13) (build 1.8.0_121-b13)
# Java VM: Java HotSpot(TM) 64-Bit Server VM (25.121-b13 mixed mode windows-amd64 compressed oops)
# Problematic frame:
# C  [rxtxSerial.dll+0x5b6b]
#
# Failed to write core dump. Minidumps are not enabled by default on client versions of Windows
#
# If you would like to submit a bug report, please visit:
#   http://bugreport.java.com/bugreport/crash.jsp
# The crash happened outside the Java Virtual Machine in native code.
# See problematic frame for where to report the bug.
#

---------------  T H R E A D  ---------------

Current thread (0x0000000057efc800):  JavaThread "Thread-1" [_thread_in_native, id=5236, stack(0x0000000058a70000,0x0000000058b70000)]

siginfo: ExceptionCode=0xc0000005, writing address 0x0000000058a3eee8

Registers:
RAX=0x00000000ffffffff, RBX=0x0000000000000000, RCX=0x0000000000000000, RDX=0x0000000000000000
RSP=0x0000000058b6f280, RBP=0x00000000ffffffff, RSI=0x0000000000000003, RDI=0x0000000000000001
R8 =0x000007fffff96000, R9 =0x0000000180000000, R10=0x0000000000000000, R11=0x0000000000000200
R12=0x0000000058a3eee0, R13=0x0000000000000001, R14=0x0000000000000000, R15=0x0000000000000000
RIP=0x0000000180005b6b, EFLAGS=0x0000000000010286

Top of Stack: (sp=0x0000000058b6f280)
0x0000000058b6f280:   0000000000000000 0000000000000000
0x0000000058b6f290:   0000000000000000 0000000000000000
0x0000000058b6f2a0:   0000000000000000 0000000058b6f3e0
0x0000000058b6f2b0:   0000000058b6f490 0000000000000001
0x0000000058b6f2c0:   0000000057efc9f8 0000000000000001
0x0000000058b6f2d0:   ffffffffffffffff 0000000180006211
0x0000000058b6f2e0:   0000000058145280 0000000000000001
0x0000000058b6f2f0:   0000000000000001 0000000058145280
0x0000000058b6f300:   0000000000000001 00000000ffffffff
0x0000000058b6f310:   0000000058b6f3d8 0000000057efc9f8
0x0000000058b6f320:   0000000058b6f410 0000000180006920
0x0000000058b6f330:   0000000057efc9f8 000000004004667f
0x0000000058b6f340:   0000000058b6f350 fffffffffffff8b8
0x0000000058b6f350:   0000000000000000 0000f75e3351fed3
0x0000000058b6f360:   0000000057efc800 0000000058b6f490
0x0000000058b6f370:   0000000057efc800 0000000058b6f510 

Instructions: (pc=0x0000000180005b6b)
0x0000000180005b4b:   31 00 00 85 c0 78 33 74 06 03 d8 2b f8 eb 0a b9
0x0000000180005b5b:   e8 03 00 00 e8 1c 1c 00 00 41 3b dd 7c b7 8b c3
0x0000000180005b6b:   45 89 74 24 08 48 8b 5c 24 60 48 83 c4 20 41 5f
0x0000000180005b7b:   41 5e 41 5d 41 5c 5f 5e 5d c3 e8 1e 61 00 00 83 


Register to memory mapping:

RAX=0x00000000ffffffff is an unallocated location in the heap
RBX=0x0000000000000000 is an unknown value
RCX=0x0000000000000000 is an unknown value
RDX=0x0000000000000000 is an unknown value
RSP=0x0000000058b6f280 is pointing into the stack for thread: 0x0000000057efc800
RBP=0x00000000ffffffff is an unallocated location in the heap
RSI=0x0000000000000003 is an unknown value
RDI=0x0000000000000001 is an unknown value
R8 =0x000007fffff96000 is an unknown value
R9 =0x0000000180000000 is an unknown value
R10=0x0000000000000000 is an unknown value
R11=0x0000000000000200 is an unknown value
R12=0x0000000058a3eee0 is an unknown value
R13=0x0000000000000001 is an unknown value
R14=0x0000000000000000 is an unknown value
R15=0x0000000000000000 is an unknown value


Stack: [0x0000000058a70000,0x0000000058b70000],  sp=0x0000000058b6f280,  free space=1020k
Native frames: (J=compiled Java code, j=interpreted, Vv=VM code, C=native code)
C  [rxtxSerial.dll+0x5b6b]
C  [rxtxSerial.dll+0x6211]
C  0x0000000002c30f9a

Java frames: (J=compiled Java code, j=interpreted, Vv=VM code)
J 397  gnu.io.RXTXPort.readArray([BII)I (0 bytes) @ 0x0000000002c30f14 [0x0000000002c30ec0+0x54]
J 418 C2 java.io.DataInputStream.read([B)I (12 bytes) @ 0x0000000002c46a0c [0x0000000002c46900+0x10c]
j  acdc.MyUart$SerialReader.run()V+19
v  ~StubRoutines::call_stub

---------------  P R O C E S S  ---------------

Java Threads: ( => current thread )
  0x000000000237d800 JavaThread "DestroyJavaVM" [_thread_blocked, id=6188, stack(0x0000000002690000,0x0000000002790000)]
  0x0000000058bed800 JavaThread "AWT-EventQueue-0" [_thread_blocked, id=1100, stack(0x0000000059fc0000,0x000000005a0c0000)]
  0x0000000058b87800 JavaThread "AWT-Shutdown" [_thread_blocked, id=4948, stack(0x00000000594f0000,0x00000000595f0000)]
  0x0000000058b87000 JavaThread "Java2D Disposer" daemon [_thread_blocked, id=5064, stack(0x0000000058700000,0x0000000058800000)]
=>0x0000000057efc800 JavaThread "Thread-1" [_thread_in_native, id=5236, stack(0x0000000058a70000,0x0000000058b70000)]
  0x0000000057e35000 JavaThread "Service Thread" daemon [_thread_blocked, id=3324, stack(0x0000000058430000,0x0000000058530000)]
  0x0000000057dc1800 JavaThread "C1 CompilerThread2" daemon [_thread_blocked, id=6892, stack(0x0000000058240000,0x0000000058340000)]
  0x0000000057dc0800 JavaThread "C2 CompilerThread1" daemon [_thread_blocked, id=2136, stack(0x00000000575f0000,0x00000000576f0000)]
  0x0000000056428800 JavaThread "C2 CompilerThread0" daemon [_thread_blocked, id=5196, stack(0x0000000057cc0000,0x0000000057dc0000)]
  0x0000000056426000 JavaThread "Attach Listener" daemon [_thread_blocked, id=4344, stack(0x0000000057b00000,0x0000000057c00000)]
  0x0000000056422800 JavaThread "Signal Dispatcher" daemon [_thread_blocked, id=6492, stack(0x0000000057960000,0x0000000057a60000)]
  0x0000000056409000 JavaThread "Finalizer" daemon [_thread_blocked, id=6120, stack(0x0000000057750000,0x0000000057850000)]
  0x00000000563c1800 JavaThread "Reference Handler" daemon [_thread_blocked, id=5292, stack(0x0000000057380000,0x0000000057480000)]

Other Threads:
  0x00000000563ba000 VMThread [stack: 0x0000000057480000,0x0000000057580000] [id=5068]

VM state:at safepoint (normal execution)

VM Mutex/Monitor currently owned by a thread:  ([mutex/lock_event])
[0x000000000237c000] Threads_lock - owner thread: 0x00000000563ba000

Heap:
 PSYoungGen      total 28160K, used 10328K [0x00000000e0d00000, 0x00000000e2c00000, 0x0000000100000000)
  eden space 24576K, 42% used [0x00000000e0d00000,0x00000000e17162c0,0x00000000e2500000)
  from space 3584K, 0% used [0x00000000e2880000,0x00000000e2880000,0x00000000e2c00000)
  to   space 3584K, 0% used [0x00000000e2500000,0x00000000e2500000,0x00000000e2880000)
 ParOldGen       total 64512K, used 0K [0x00000000a2600000, 0x00000000a6500000, 0x00000000e0d00000)
  object space 64512K, 0% used [0x00000000a2600000,0x00000000a2600000,0x00000000a6500000)
 Metaspace       used 9481K, capacity 9630K, committed 9728K, reserved 1058816K
  class space    used 1175K, capacity 1231K, committed 1280K, reserved 1048576K

Card table byte_map: [0x0000000011e20000,0x0000000012110000] byte_map_base: 0x000000001190d000

Marking Bits: (ParMarkBitMap*) 0x00000000624cb6d0
 Begin Bits: [0x0000000012870000, 0x0000000013fd8000)
 End Bits:   [0x0000000013fd8000, 0x0000000015740000)

Polling page: 0x0000000000130000

CodeCache: size=245760Kb used=1956Kb max_used=1968Kb free=243803Kb
 bounds [0x0000000002a60000, 0x0000000002cd0000, 0x0000000011a60000]
 total_blobs=889 nmethods=434 adapters=368
 compilation: enabled

Compilation events (10 events):
Event: 99.480 Thread 0x0000000057dc1800  430       3       java.util.ArrayList::ensureCapacityInternal (23 bytes)
Event: 99.480 Thread 0x0000000057dc1800 nmethod 430 0x0000000002c47590 code [0x0000000002c47720, 0x0000000002c47a48]
Event: 99.480 Thread 0x0000000057dc1800  431       1       java.lang.Boolean::booleanValue (5 bytes)
Event: 99.481 Thread 0x0000000057dc1800 nmethod 431 0x0000000002c47250 code [0x0000000002c473a0, 0x0000000002c474b0]
Event: 99.481 Thread 0x0000000057dc1800  432       1       java.awt.Color::getRGB (5 bytes)
Event: 99.481 Thread 0x0000000057dc1800 nmethod 432 0x0000000002c40410 code [0x0000000002c40560, 0x0000000002c40670]
Event: 99.744 Thread 0x0000000057dc1800  433       3       sun.awt.AWTAutoShutdown::getInstance (4 bytes)
Event: 99.744 Thread 0x0000000057dc1800 nmethod 433 0x0000000002c491d0 code [0x0000000002c49320, 0x0000000002c49450]
Event: 127.827 Thread 0x0000000057dc0800  434       4       java.lang.String::substring (79 bytes)
Event: 127.832 Thread 0x0000000057dc0800 nmethod 434 0x0000000002c4c4d0 code [0x0000000002c4c640, 0x0000000002c4ca38]

GC Heap History (0 events):
No events

Deoptimization events (4 events):
Event: 0.322 Thread 0x000000000237d800 Uncommon trap: reason=class_check action=maybe_recompile pc=0x0000000002be65c4 method=java.lang.String.equals(Ljava/lang/Object;)Z @ 8
Event: 0.324 Thread 0x000000000237d800 Uncommon trap: reason=class_check action=maybe_recompile pc=0x0000000002be65c4 method=java.lang.String.equals(Ljava/lang/Object;)Z @ 8
Event: 0.339 Thread 0x000000000237d800 Uncommon trap: reason=class_check action=maybe_recompile pc=0x0000000002be65c4 method=java.lang.String.equals(Ljava/lang/Object;)Z @ 8
Event: 0.339 Thread 0x000000000237d800 Uncommon trap: reason=class_check action=maybe_recompile pc=0x0000000002be65c4 method=java.lang.String.equals(Ljava/lang/Object;)Z @ 8

Internal exceptions (10 events):
Event: 0.143 Thread 0x000000000237d800 Exception <a 'java/io/IOException'> (0x00000000e0ef9bc0) thrown at [C:\re\workspace\8-2-build-windows-amd64-cygwin\jdk8u121\8372\hotspot\src\share\vm\prims\jni.cpp, line 709]
Event: 0.143 Thread 0x000000000237d800 Exception <a 'java/io/IOException'> (0x00000000e0ef9e70) thrown at [C:\re\workspace\8-2-build-windows-amd64-cygwin\jdk8u121\8372\hotspot\src\share\vm\prims\jni.cpp, line 709]
Event: 0.143 Thread 0x000000000237d800 Exception <a 'java/io/IOException'> (0x00000000e0efa0f0) thrown at [C:\re\workspace\8-2-build-windows-amd64-cygwin\jdk8u121\8372\hotspot\src\share\vm\prims\jni.cpp, line 709]
Event: 0.180 Thread 0x000000000237d800 Exception <a 'java/lang/NoSuchFieldError': method resolution failed> (0x00000000e10bcfc8) thrown at [C:\re\workspace\8-2-build-windows-amd64-cygwin\jdk8u121\8372\hotspot\src\share\vm\prims\methodHandles.cpp, line 1146]
Event: 0.182 Thread 0x000000000237d800 Exception <a 'java/lang/NoSuchFieldError': method resolution failed> (0x00000000e10ca368) thrown at [C:\re\workspace\8-2-build-windows-amd64-cygwin\jdk8u121\8372\hotspot\src\share\vm\prims\methodHandles.cpp, line 1146]
Event: 0.210 Thread 0x000000000237d800 Exception <a 'java/io/FileNotFoundException'> (0x00000000e114d008) thrown at [C:\re\workspace\8-2-build-windows-amd64-cygwin\jdk8u121\8372\hotspot\src\share\vm\prims\jni.cpp, line 709]
Event: 0.229 Thread 0x000000000237d800 Exception <a 'java/io/FileNotFoundException'> (0x00000000e1173170) thrown at [C:\re\workspace\8-2-build-windows-amd64-cygwin\jdk8u121\8372\hotspot\src\share\vm\prims\jni.cpp, line 709]
Event: 100.001 Thread 0x0000000057ef6800 Exception <a 'java/io/IOException'> (0x00000000e16207d8) thrown at [C:\re\workspace\8-2-build-windows-amd64-cygwin\jdk8u121\8372\hotspot\src\share\vm\prims\jni.cpp, line 709]
Event: 100.001 Thread 0x0000000057ef6800 Exception <a 'java/io/IOException'> (0x00000000e1620a88) thrown at [C:\re\workspace\8-2-build-windows-amd64-cygwin\jdk8u121\8372\hotspot\src\share\vm\prims\jni.cpp, line 709]
Event: 100.001 Thread 0x0000000057ef6800 Exception <a 'java/io/IOException'> (0x00000000e1620d08) thrown at [C:\re\workspace\8-2-build-windows-amd64-cygwin\jdk8u121\8372\hotspot\src\share\vm\prims\jni.cpp, line 709]

Events (10 events):
Event: 99.480 loading class java/awt/LightweightDispatcher$2 done
Event: 100.000 Thread 0x0000000057ef6000 Thread added: 0x0000000057ef6000
Event: 100.000 Thread 0x0000000057ef6800 Thread added: 0x0000000057ef6800
Event: 100.000 Thread 0x0000000057e3c000 Thread added: 0x0000000057e3c000
Event: 100.001 Thread 0x0000000057e3c000 Thread exited: 0x0000000057e3c000
Event: 100.004 Thread 0x0000000058b8a800 Thread exited: 0x0000000058b8a800
Event: 100.100 Thread 0x0000000057ef6000 Thread exited: 0x0000000057ef6000
Event: 145.010 Thread 0x0000000057efc000 Thread exited: 0x0000000057efc000
Event: 145.011 Thread 0x0000000057ef6800 Thread exited: 0x0000000057ef6800
Event: 145.011 Executing VM operation: Exit


Dynamic libraries:
0x000000013f4f0000 - 0x000000013f527000 	C:\Program Files\Java\jre1.8.0_121\bin\javaw.exe
0x0000000076fc0000 - 0x0000000077168000 	C:\Windows\SYSTEM32\ntdll.dll
0x0000000076ea0000 - 0x0000000076fbf000 	C:\Windows\system32\kernel32.dll
0x000007fefce20000 - 0x000007fefce8c000 	C:\Windows\system32\KERNELBASE.dll
0x000007fefda90000 - 0x000007fefdb6b000 	C:\Windows\system32\ADVAPI32.dll
0x000007fefef50000 - 0x000007fefefef000 	C:\Windows\system32\msvcrt.dll
0x000007fefd1e0000 - 0x000007fefd1ff000 	C:\Windows\SYSTEM32\sechost.dll
0x000007fefd480000 - 0x000007fefd5ad000 	C:\Windows\system32\RPCRT4.dll
0x0000000076da0000 - 0x0000000076e9a000 	C:\Windows\system32\USER32.dll
0x000007fefd200000 - 0x000007fefd267000 	C:\Windows\system32\GDI32.dll
0x000007fefda30000 - 0x000007fefda3e000 	C:\Windows\system32\LPK.dll
0x000007fefee80000 - 0x000007fefef49000 	C:\Windows\system32\USP10.dll
0x000007fefb990000 - 0x000007fefbb84000 	C:\Windows\WinSxS\amd64_microsoft.windows.common-controls_6595b64144ccf1df_6.0.7601.17514_none_fa396087175ac9ac\COMCTL32.dll
0x000007fefdb70000 - 0x000007fefdbe1000 	C:\Windows\system32\SHLWAPI.dll
0x000007fefd820000 - 0x000007fefd84e000 	C:\Windows\system32\IMM32.DLL
0x000007fefd710000 - 0x000007fefd819000 	C:\Windows\system32\MSCTF.dll
0x0000000064530000 - 0x0000000064602000 	C:\Program Files\Java\jre1.8.0_121\bin\msvcr100.dll
0x0000000061cb0000 - 0x000000006254b000 	C:\Program Files\Java\jre1.8.0_121\bin\server\jvm.dll
0x000007fef2f00000 - 0x000007fef2f09000 	C:\Windows\system32\WSOCK32.dll
0x000007fefda40000 - 0x000007fefda8d000 	C:\Windows\system32\WS2_32.dll
0x000007fefeff0000 - 0x000007fefeff8000 	C:\Windows\system32\NSI.dll
0x000007fefab50000 - 0x000007fefab8b000 	C:\Windows\system32\WINMM.dll
0x000007fefb980000 - 0x000007fefb98c000 	C:\Windows\system32\VERSION.dll
0x0000000077180000 - 0x0000000077187000 	C:\Windows\system32\PSAPI.DLL
0x0000000065ca0000 - 0x0000000065caf000 	C:\Program Files\Java\jre1.8.0_121\bin\verify.dll
0x00000000651f0000 - 0x0000000065219000 	C:\Program Files\Java\jre1.8.0_121\bin\java.dll
0x0000000065690000 - 0x00000000656a6000 	C:\Program Files\Java\jre1.8.0_121\bin\zip.dll
0x000007fefdbf0000 - 0x000007fefe979000 	C:\Windows\system32\SHELL32.dll
0x000007fefea20000 - 0x000007fefec23000 	C:\Windows\system32\ole32.dll
0x000007fefcd90000 - 0x000007fefcd9f000 	C:\Windows\system32\profapi.dll
0x0000000180000000 - 0x0000000180025000 	D:\workspace\GamePad\out\artifacts\GamePad_jar\rxtxSerial.dll
0x0000000063ab0000 - 0x0000000063c48000 	C:\Program Files\Java\jre1.8.0_121\bin\awt.dll
0x000007fefd5b0000 - 0x000007fefd687000 	C:\Windows\system32\OLEAUT32.dll
0x000007fefaa50000 - 0x000007fefaa68000 	C:\Windows\system32\DWMAPI.DLL
0x000007fef54b0000 - 0x000007fef55cd000 	C:\Windows\system32\opengl32.dll
0x000007fef7c50000 - 0x000007fef7c7d000 	C:\Windows\system32\GLU32.dll
0x000007fef53b0000 - 0x000007fef54a1000 	C:\Windows\system32\DDRAW.dll
0x000007fef7d00000 - 0x000007fef7d08000 	C:\Windows\system32\DCIMAN32.dll
0x000007fefd850000 - 0x000007fefda27000 	C:\Windows\system32\SETUPAPI.dll
0x000007fefcdd0000 - 0x000007fefce06000 	C:\Windows\system32\CFGMGR32.dll
0x000007fefcef0000 - 0x000007fefcf0a000 	C:\Windows\system32\DEVOBJ.dll
0x000007fefaeb0000 - 0x000007fefaf06000 	C:\Windows\system32\uxtheme.dll
0x000007fefaf50000 - 0x000007fefaf5c000 	C:\Program Files (x86)\Yandex\Punto Switcher\PSHook64.dll
0x000007fefd460000 - 0x000007fefd479000 	C:\Windows\system32\imagehlp.dll
0x000007fefcb80000 - 0x000007fefcb8f000 	C:\Windows\system32\CRYPTBASE.dll
0x0000000067130000 - 0x0000000067177000 	C:\Program Files\Java\jre1.8.0_121\bin\fontmanager.dll
0x00000000657f0000 - 0x000000006580a000 	C:\Program Files\Java\jre1.8.0_121\bin\net.dll
0x000007fefc520000 - 0x000007fefc575000 	C:\Windows\system32\mswsock.dll
0x000007fefc510000 - 0x000007fefc517000 	C:\Windows\System32\wship6.dll
0x0000000065670000 - 0x0000000065681000 	C:\Program Files\Java\jre1.8.0_121\bin\nio.dll
0x0000000066b10000 - 0x0000000066b52000 	C:\Program Files\Java\jre1.8.0_121\bin\t2k.dll
0x000007feedeb0000 - 0x000007feedfd5000 	C:\Windows\system32\dbghelp.dll

VM Arguments:
java_command: D:\workspace\GamePad\out\artifacts\GamePad_jar\GamePad.jar
java_class_path (initial): D:\workspace\GamePad\out\artifacts\GamePad_jar\GamePad.jar
Launcher Type: SUN_STANDARD

Environment Variables:
JAVA_HOME=c:\Program Files\Java\jdk1.8.0_121\
PATH=C:\Program Files (x86)\Mozilla Firefox;C:\ProgramData\Oracle\Java\javapath;C:\Windows\system32;C:\Windows;C:\Windows\System32\Wbem;C:\Windows\System32\WindowsPowerShell\v1.0\;c:\MinGW\msys\1.0\bin\;C:\Program Files (x86)\Bitvise SSH Client;C:\Program Files\Git\cmd;C:\Program Files\Git\mingw64\bin;C:\Program Files\Git\usr\bin;C:\adb
USERNAME=katz
OS=Windows_NT
PROCESSOR_IDENTIFIER=Intel64 Family 6 Model 58 Stepping 9, GenuineIntel



---------------  S Y S T E M  ---------------

OS: Windows 7 , 64 bit Build 7601 (6.1.7601.18798)

CPU:total 4 (2 cores per cpu, 2 threads per core) family 6 model 58 stepping 9, cmov, cx8, fxsr, mmx, sse, sse2, sse3, ssse3, sse4.1, sse4.2, popcnt, avx, clmul, erms, ht, tsc, tscinvbit, tscinv

Memory: 4k page, physical 6135204k(2140764k free), swap 8181352k(3221660k free)

vm_info: Java HotSpot(TM) 64-Bit Server VM (25.121-b13) for windows-amd64 JRE (1.8.0_121-b13), built on Dec 12 2016 18:21:36 by "java_re" with MS VC++ 10.0 (VS2010)

time: Sat Jul 08 09:40:41 2017
elapsed time: 145 seconds (0d 0h 2m 25s)

