#
# A fatal error has been detected by the Java Runtime Environment:
#
#  EXCEPTION_ACCESS_VIOLATION (0xc0000005) at pc=0x0000000180005b6b, pid=3992, tid=0x00000000000015b8
#
# JRE version: Java(TM) SE Runtime Environment (8.0_121-b13) (build 1.8.0_121-b13)
# Java VM: Java HotSpot(TM) 64-Bit Server VM (25.121-b13 mixed mode windows-amd64 compressed oops)
# Problematic frame:
# C  [rxtxSerial.dll+0x5b6b]
#
# Failed to write core dump. Minidumps are not enabled by default on client versions of Windows
#
# If you would like to submit a bug report, please visit:
#   http://bugreport.java.com/bugreport/crash.jsp
# The crash happened outside the Java Virtual Machine in native code.
# See problematic frame for where to report the bug.
#

---------------  T H R E A D  ---------------

Current thread (0x0000000057a31000):  JavaThread "Thread-1" [_thread_in_native, id=5560, stack(0x0000000058560000,0x0000000058660000)]

siginfo: ExceptionCode=0xc0000005, writing address 0x00000000584eea48

Registers:
RAX=0x00000000ffffffff, RBX=0x0000000000000000, RCX=0x0000000000000000, RDX=0x0000000000000000
RSP=0x000000005865edd0, RBP=0x00000000ffffffff, RSI=0x0000000000000007, RDI=0x0000000000000001
R8 =0x000007fffff96000, R9 =0x0000000180000000, R10=0x0000000000000000, R11=0x0000000000000200
R12=0x00000000584eea40, R13=0x0000000000000001, R14=0x0000000000000000, R15=0x0000000000000000
RIP=0x0000000180005b6b, EFLAGS=0x0000000000010286

Top of Stack: (sp=0x000000005865edd0)
0x000000005865edd0:   0000000000000000 0000000000000000
0x000000005865ede0:   0000000000000000 0000000000000000
0x000000005865edf0:   0000000000000000 000000005865ef30
0x000000005865ee00:   000000005865f070 0000000000000001
0x000000005865ee10:   0000000057a311f8 0000000000000001
0x000000005865ee20:   ffffffffffffffff 0000000180006211
0x000000005865ee30:   0000000058797960 0000000000000001
0x000000005865ee40:   0000000000000001 0000000058797960
0x000000005865ee50:   0000000000000001 00000000ffffffff
0x000000005865ee60:   000000005865ef28 0000000057a311f8
0x000000005865ee70:   000000005865ef60 0000000180006920
0x000000005865ee80:   0000000057a311f8 000000004004667f
0x000000005865ee90:   000000005865eea0 fffffffffffff8b8
0x000000005865eea0:   0000000000000000 0000930c393657e7
0x000000005865eeb0:   0000000000000008 000000005865f070
0x000000005865eec0:   0000000057a31000 000000005865f0f0 

Instructions: (pc=0x0000000180005b6b)
0x0000000180005b4b:   31 00 00 85 c0 78 33 74 06 03 d8 2b f8 eb 0a b9
0x0000000180005b5b:   e8 03 00 00 e8 1c 1c 00 00 41 3b dd 7c b7 8b c3
0x0000000180005b6b:   45 89 74 24 08 48 8b 5c 24 60 48 83 c4 20 41 5f
0x0000000180005b7b:   41 5e 41 5d 41 5c 5f 5e 5d c3 e8 1e 61 00 00 83 


Register to memory mapping:

RAX=0x00000000ffffffff is an unallocated location in the heap
RBX=0x0000000000000000 is an unknown value
RCX=0x0000000000000000 is an unknown value
RDX=0x0000000000000000 is an unknown value
RSP=0x000000005865edd0 is pointing into the stack for thread: 0x0000000057a31000
RBP=0x00000000ffffffff is an unallocated location in the heap
RSI=0x0000000000000007 is an unknown value
RDI=0x0000000000000001 is an unknown value
R8 =0x000007fffff96000 is an unknown value
R9 =0x0000000180000000 is an unknown value
R10=0x0000000000000000 is an unknown value
R11=0x0000000000000200 is an unknown value
R12=0x00000000584eea40 is pointing into the stack for thread: 0x0000000057999800
R13=0x0000000000000001 is an unknown value
R14=0x0000000000000000 is an unknown value
R15=0x0000000000000000 is an unknown value


Stack: [0x0000000058560000,0x0000000058660000],  sp=0x000000005865edd0,  free space=1019k
Native frames: (J=compiled Java code, j=interpreted, Vv=VM code, C=native code)
C  [rxtxSerial.dll+0x5b6b]
C  [rxtxSerial.dll+0x6211]
C  0x000000000279b09a

Java frames: (J=compiled Java code, j=interpreted, Vv=VM code)
J 410  gnu.io.RXTXPort.readArray([BII)I (0 bytes) @ 0x000000000279b014 [0x000000000279afc0+0x54]
J 408 C1 gnu.io.RXTXPort$SerialInputStream.read([BII)I (230 bytes) @ 0x000000000279bcd4 [0x000000000279b4a0+0x834]
J 406 C1 java.io.DataInputStream.read([B)I (12 bytes) @ 0x000000000279a38c [0x000000000279a280+0x10c]
j  acdc.MyUart$SerialReader.run()V+19
v  ~StubRoutines::call_stub

---------------  P R O C E S S  ---------------

Java Threads: ( => current thread )
  0x000000005879b000 JavaThread "Thread-2" [_thread_blocked, id=6624, stack(0x0000000059ce0000,0x0000000059de0000)]
  0x0000000057999800 JavaThread "Thread-3" daemon [_thread_in_native, id=5960, stack(0x0000000058450000,0x0000000058550000)]
  0x0000000001f0e000 JavaThread "DestroyJavaVM" [_thread_blocked, id=5784, stack(0x00000000021f0000,0x00000000022f0000)]
  0x0000000058709800 JavaThread "AWT-EventQueue-0" [_thread_blocked, id=4116, stack(0x0000000059690000,0x0000000059790000)]
  0x00000000586e9000 JavaThread "AWT-Shutdown" [_thread_blocked, id=3364, stack(0x0000000059070000,0x0000000059170000)]
  0x0000000058680000 JavaThread "Java2D Disposer" daemon [_thread_blocked, id=6216, stack(0x0000000058ec0000,0x0000000058fc0000)]
=>0x0000000057a31000 JavaThread "Thread-1" [_thread_in_native, id=5560, stack(0x0000000058560000,0x0000000058660000)]
  0x00000000578eb800 JavaThread "Service Thread" daemon [_thread_blocked, id=4132, stack(0x0000000057ee0000,0x0000000057fe0000)]
  0x0000000057870800 JavaThread "C1 CompilerThread2" daemon [_thread_blocked, id=6956, stack(0x0000000057dc0000,0x0000000057ec0000)]
  0x000000005601e800 JavaThread "C2 CompilerThread1" daemon [_thread_blocked, id=5328, stack(0x00000000575f0000,0x00000000576f0000)]
  0x0000000056017000 JavaThread "C2 CompilerThread0" daemon [_thread_blocked, id=1704, stack(0x0000000057770000,0x0000000057870000)]
  0x0000000056014800 JavaThread "Attach Listener" daemon [_thread_blocked, id=3816, stack(0x00000000574d0000,0x00000000575d0000)]
  0x0000000056011000 JavaThread "Signal Dispatcher" daemon [_thread_blocked, id=6132, stack(0x0000000056f20000,0x0000000057020000)]
  0x0000000055ff9000 JavaThread "Finalizer" daemon [_thread_blocked, id=1288, stack(0x0000000057370000,0x0000000057470000)]
  0x0000000055fb1800 JavaThread "Reference Handler" daemon [_thread_blocked, id=7052, stack(0x0000000057200000,0x0000000057300000)]

Other Threads:
  0x0000000055faa000 VMThread [stack: 0x0000000057040000,0x0000000057140000] [id=5464]
  0x0000000057914000 WatcherThread [stack: 0x0000000058090000,0x0000000058190000] [id=6936]

VM state:not at safepoint (normal execution)

VM Mutex/Monitor currently owned by a thread: None

Heap:
 PSYoungGen      total 28160K, used 8368K [0x00000000e0d00000, 0x00000000e2c00000, 0x0000000100000000)
  eden space 24576K, 34% used [0x00000000e0d00000,0x00000000e152c320,0x00000000e2500000)
  from space 3584K, 0% used [0x00000000e2880000,0x00000000e2880000,0x00000000e2c00000)
  to   space 3584K, 0% used [0x00000000e2500000,0x00000000e2500000,0x00000000e2880000)
 ParOldGen       total 64512K, used 0K [0x00000000a2600000, 0x00000000a6500000, 0x00000000e0d00000)
  object space 64512K, 0% used [0x00000000a2600000,0x00000000a2600000,0x00000000a6500000)
 Metaspace       used 9509K, capacity 9630K, committed 9728K, reserved 1058816K
  class space    used 1175K, capacity 1231K, committed 1280K, reserved 1048576K

Card table byte_map: [0x0000000011980000,0x0000000011c70000] byte_map_base: 0x000000001146d000

Marking Bits: (ParMarkBitMap*) 0x000000006804b6d0
 Begin Bits: [0x0000000012460000, 0x0000000013bc8000)
 End Bits:   [0x0000000013bc8000, 0x0000000015330000)

Polling page: 0x0000000000320000

CodeCache: size=245760Kb used=2012Kb max_used=2024Kb free=243747Kb
 bounds [0x00000000025c0000, 0x0000000002830000, 0x00000000115c0000]
 total_blobs=915 nmethods=457 adapters=371
 compilation: enabled

Compilation events (10 events):
Event: 9.673 Thread 0x0000000057870800  453       3       java.lang.Integer::parseInt (261 bytes)
Event: 9.674 Thread 0x0000000057870800 nmethod 453 0x00000000027b2cd0 code [0x00000000027b3080, 0x00000000027b4e28]
Event: 9.901 Thread 0x0000000057870800  454       3       acdc.GamePad::getInstance (20 bytes)
Event: 9.901 Thread 0x0000000057870800 nmethod 454 0x00000000027b6150 code [0x00000000027b62c0, 0x00000000027b64e8]
Event: 9.966 Thread 0x000000005601e800  455       4       java.lang.AbstractStringBuilder::append (29 bytes)
Event: 9.969 Thread 0x000000005601e800 nmethod 455 0x00000000027b94d0 code [0x00000000027b9620, 0x00000000027b9978]
Event: 10.683 Thread 0x0000000057870800  456       3       java.lang.CharacterDataLatin1::digit (91 bytes)
Event: 10.683 Thread 0x0000000057870800 nmethod 456 0x00000000027b8e50 code [0x00000000027b8fc0, 0x00000000027b9350]
Event: 10.715 Thread 0x0000000056017000  457       4       java.lang.String::startsWith (72 bytes)
Event: 10.717 Thread 0x0000000056017000 nmethod 457 0x00000000027b7550 code [0x00000000027b76a0, 0x00000000027b7838]

GC Heap History (0 events):
No events

Deoptimization events (4 events):
Event: 0.324 Thread 0x0000000001f0e000 Uncommon trap: reason=class_check action=maybe_recompile pc=0x000000000274bfc4 method=java.lang.String.equals(Ljava/lang/Object;)Z @ 8
Event: 0.326 Thread 0x0000000001f0e000 Uncommon trap: reason=class_check action=maybe_recompile pc=0x000000000274bfc4 method=java.lang.String.equals(Ljava/lang/Object;)Z @ 8
Event: 0.341 Thread 0x0000000058709800 Uncommon trap: reason=class_check action=maybe_recompile pc=0x000000000274bfc4 method=java.lang.String.equals(Ljava/lang/Object;)Z @ 8
Event: 0.341 Thread 0x0000000058709800 Uncommon trap: reason=class_check action=maybe_recompile pc=0x000000000274bfc4 method=java.lang.String.equals(Ljava/lang/Object;)Z @ 8

Internal exceptions (10 events):
Event: 0.181 Thread 0x0000000001f0e000 Exception <a 'java/lang/NoSuchFieldError': method resolution failed> (0x00000000e10c3720) thrown at [C:\re\workspace\8-2-build-windows-amd64-cygwin\jdk8u121\8372\hotspot\src\share\vm\prims\methodHandles.cpp, line 1146]
Event: 0.183 Thread 0x0000000001f0e000 Exception <a 'java/lang/NoSuchFieldError': method resolution failed> (0x00000000e10d0ac0) thrown at [C:\re\workspace\8-2-build-windows-amd64-cygwin\jdk8u121\8372\hotspot\src\share\vm\prims\methodHandles.cpp, line 1146]
Event: 0.216 Thread 0x0000000001f0e000 Exception <a 'java/io/FileNotFoundException'> (0x00000000e1153748) thrown at [C:\re\workspace\8-2-build-windows-amd64-cygwin\jdk8u121\8372\hotspot\src\share\vm\prims\jni.cpp, line 709]
Event: 0.236 Thread 0x0000000001f0e000 Exception <a 'java/io/FileNotFoundException'> (0x00000000e117a090) thrown at [C:\re\workspace\8-2-build-windows-amd64-cygwin\jdk8u121\8372\hotspot\src\share\vm\prims\jni.cpp, line 709]
Event: 5.170 Thread 0x0000000058709800 Exception <a 'java/io/IOException'> (0x00000000e1364428) thrown at [C:\re\workspace\8-2-build-windows-amd64-cygwin\jdk8u121\8372\hotspot\src\share\vm\prims\jni.cpp, line 709]
Event: 5.170 Thread 0x0000000058709800 Exception <a 'java/io/IOException'> (0x00000000e13648c0) thrown at [C:\re\workspace\8-2-build-windows-amd64-cygwin\jdk8u121\8372\hotspot\src\share\vm\prims\jni.cpp, line 709]
Event: 5.170 Thread 0x0000000058709800 Exception <a 'java/io/IOException'> (0x00000000e1364d28) thrown at [C:\re\workspace\8-2-build-windows-amd64-cygwin\jdk8u121\8372\hotspot\src\share\vm\prims\jni.cpp, line 709]
Event: 20.677 Thread 0x000000005879b000 Exception <a 'java/io/IOException'> (0x00000000e14b1660) thrown at [C:\re\workspace\8-2-build-windows-amd64-cygwin\jdk8u121\8372\hotspot\src\share\vm\prims\jni.cpp, line 709]
Event: 20.677 Thread 0x000000005879b000 Exception <a 'java/io/IOException'> (0x00000000e14b1910) thrown at [C:\re\workspace\8-2-build-windows-amd64-cygwin\jdk8u121\8372\hotspot\src\share\vm\prims\jni.cpp, line 709]
Event: 20.677 Thread 0x000000005879b000 Exception <a 'java/io/IOException'> (0x00000000e14b1b90) thrown at [C:\re\workspace\8-2-build-windows-amd64-cygwin\jdk8u121\8372\hotspot\src\share\vm\prims\jni.cpp, line 709]

Events (10 events):
Event: 7.165 loading class java/awt/peer/RobotPeer done
Event: 7.165 loading class sun/awt/windows/WRobotPeer done
Event: 7.165 loading class java/awt/Robot$RobotDisposer
Event: 7.165 loading class java/awt/Robot$RobotDisposer done
Event: 20.676 Thread 0x0000000057999800 Thread exited: 0x0000000057999800
Event: 20.677 Thread 0x0000000057999800 Thread added: 0x0000000057999800
Event: 20.677 Thread 0x000000005879b000 Thread added: 0x000000005879b000
Event: 20.677 Thread 0x0000000057c1e800 Thread added: 0x0000000057c1e800
Event: 20.677 Thread 0x0000000057c1e800 Thread exited: 0x0000000057c1e800
Event: 20.679 Thread 0x00000000586eb800 Thread exited: 0x00000000586eb800


Dynamic libraries:
0x000000013ff80000 - 0x000000013ffb7000 	C:\Program Files\Java\jre1.8.0_121\bin\javaw.exe
0x0000000076d20000 - 0x0000000076ec8000 	C:\Windows\SYSTEM32\ntdll.dll
0x0000000076b00000 - 0x0000000076c1f000 	C:\Windows\system32\kernel32.dll
0x000007fefccf0000 - 0x000007fefcd5c000 	C:\Windows\system32\KERNELBASE.dll
0x000007fefe150000 - 0x000007fefe22b000 	C:\Windows\system32\ADVAPI32.dll
0x000007fefd5e0000 - 0x000007fefd67f000 	C:\Windows\system32\msvcrt.dll
0x000007fefdbf0000 - 0x000007fefdc0f000 	C:\Windows\SYSTEM32\sechost.dll
0x000007fefd4b0000 - 0x000007fefd5dd000 	C:\Windows\system32\RPCRT4.dll
0x0000000076c20000 - 0x0000000076d1a000 	C:\Windows\system32\USER32.dll
0x000007fefefc0000 - 0x000007feff027000 	C:\Windows\system32\GDI32.dll
0x000007fefd810000 - 0x000007fefd81e000 	C:\Windows\system32\LPK.dll
0x000007fefd680000 - 0x000007fefd749000 	C:\Windows\system32\USP10.dll
0x000007fefb6f0000 - 0x000007fefb8e4000 	C:\Windows\WinSxS\amd64_microsoft.windows.common-controls_6595b64144ccf1df_6.0.7601.17514_none_fa396087175ac9ac\COMCTL32.dll
0x000007fefddf0000 - 0x000007fefde61000 	C:\Windows\system32\SHLWAPI.dll
0x000007fefdf10000 - 0x000007fefdf3e000 	C:\Windows\system32\IMM32.DLL
0x000007fefd820000 - 0x000007fefd929000 	C:\Windows\system32\MSCTF.dll
0x00000000680d0000 - 0x00000000681a2000 	C:\Program Files\Java\jre1.8.0_121\bin\msvcr100.dll
0x0000000067830000 - 0x00000000680cb000 	C:\Program Files\Java\jre1.8.0_121\bin\server\jvm.dll
0x000007feef850000 - 0x000007feef859000 	C:\Windows\system32\WSOCK32.dll
0x000007fefcea0000 - 0x000007fefceed000 	C:\Windows\system32\WS2_32.dll
0x000007fefdb80000 - 0x000007fefdb88000 	C:\Windows\system32\NSI.dll
0x000007fefafb0000 - 0x000007fefafeb000 	C:\Windows\system32\WINMM.dll
0x000007fefb690000 - 0x000007fefb69c000 	C:\Windows\system32\VERSION.dll
0x0000000076ee0000 - 0x0000000076ee7000 	C:\Windows\system32\PSAPI.DLL
0x0000000072890000 - 0x000000007289f000 	C:\Program Files\Java\jre1.8.0_121\bin\verify.dll
0x0000000068480000 - 0x00000000684a9000 	C:\Program Files\Java\jre1.8.0_121\bin\java.dll
0x00000000684f0000 - 0x0000000068506000 	C:\Program Files\Java\jre1.8.0_121\bin\zip.dll
0x000007fefe230000 - 0x000007fefefb9000 	C:\Windows\system32\SHELL32.dll
0x000007fefcef0000 - 0x000007fefd0f3000 	C:\Windows\system32\ole32.dll
0x000007fefcae0000 - 0x000007fefcaef000 	C:\Windows\system32\profapi.dll
0x0000000180000000 - 0x0000000180025000 	D:\workspace\GamePad\out\artifacts\GamePad_jar\rxtxSerial.dll
0x0000000067690000 - 0x0000000067828000 	C:\Program Files\Java\jre1.8.0_121\bin\awt.dll
0x000007fefd100000 - 0x000007fefd1d7000 	C:\Windows\system32\OLEAUT32.dll
0x000007fefa010000 - 0x000007fefa028000 	C:\Windows\system32\DWMAPI.DLL
0x000007fef1390000 - 0x000007fef14ad000 	C:\Windows\system32\opengl32.dll
0x000007fef1360000 - 0x000007fef138d000 	C:\Windows\system32\GLU32.dll
0x000007fef1160000 - 0x000007fef1251000 	C:\Windows\system32\DDRAW.dll
0x000007fef76b0000 - 0x000007fef76b8000 	C:\Windows\system32\DCIMAN32.dll
0x000007fefdc10000 - 0x000007fefdde7000 	C:\Windows\system32\SETUPAPI.dll
0x000007fefce60000 - 0x000007fefce96000 	C:\Windows\system32\CFGMGR32.dll
0x000007fefcb00000 - 0x000007fefcb1a000 	C:\Windows\system32\DEVOBJ.dll
0x000007fefb360000 - 0x000007fefb3b6000 	C:\Windows\system32\uxtheme.dll
0x000007fefc980000 - 0x000007fefc98f000 	C:\Windows\system32\CRYPTBASE.dll
0x000007feeded0000 - 0x000007feededc000 	C:\Program Files (x86)\Yandex\Punto Switcher\PSHook64.dll
0x000007fefd7f0000 - 0x000007fefd809000 	C:\Windows\system32\imagehlp.dll
0x0000000070b60000 - 0x0000000070ba7000 	C:\Program Files\Java\jre1.8.0_121\bin\fontmanager.dll
0x0000000068510000 - 0x000000006852a000 	C:\Program Files\Java\jre1.8.0_121\bin\net.dll
0x000007fefc3f0000 - 0x000007fefc445000 	C:\Windows\system32\mswsock.dll
0x000007fefc4e0000 - 0x000007fefc4e7000 	C:\Windows\System32\wship6.dll
0x0000000068460000 - 0x0000000068471000 	C:\Program Files\Java\jre1.8.0_121\bin\nio.dll
0x000000006cdb0000 - 0x000000006cdf2000 	C:\Program Files\Java\jre1.8.0_121\bin\t2k.dll
0x000007feedab0000 - 0x000007feedbd5000 	C:\Windows\system32\dbghelp.dll

VM Arguments:
java_command: D:\workspace\GamePad\out\artifacts\GamePad_jar\GamePad.exe
java_class_path (initial): D:\workspace\GamePad\out\artifacts\GamePad_jar\GamePad.exe
Launcher Type: SUN_STANDARD

Environment Variables:
JAVA_HOME=c:\Program Files\Java\jdk1.8.0_121\
PATH=C:\Program Files (x86)\NVIDIA Corporation\PhysX\Common;C:\PROGRA~2\Borland\CBUILD~1\Bin;C:\PROGRA~2\Borland\CBUILD~1\Projects\Bpl;C:\Program Files (x86)\Mozilla Firefox;C:\ProgramData\Oracle\Java\javapath;C:\Windows\system32;C:\Windows;C:\Windows\System32\Wbem;C:\Windows\System32\WindowsPowerShell\v1.0\;c:\MinGW\msys\1.0\bin\;C:\Program Files (x86)\Bitvise SSH Client;C:\Program Files\Git\cmd;C:\Program Files\Git\mingw64\bin;C:\Program Files\Git\usr\bin;C:\adb;C:\Program Files\PuTTY\;C:\Program Files\nodejs\;C:\Users\katz\AppData\Roaming\npm;C:\Program Files\Java\jre1.8.0_121\bin
USERNAME=katz
OS=Windows_NT
PROCESSOR_IDENTIFIER=Intel64 Family 6 Model 58 Stepping 9, GenuineIntel



---------------  S Y S T E M  ---------------

OS: Windows 7 , 64 bit Build 7601 (6.1.7601.18798)

CPU:total 4 (2 cores per cpu, 2 threads per core) family 6 model 58 stepping 9, cmov, cx8, fxsr, mmx, sse, sse2, sse3, ssse3, sse4.1, sse4.2, popcnt, avx, clmul, erms, ht, tsc, tscinvbit, tscinv

Memory: 4k page, physical 6135204k(3059536k free), swap 8181352k(3707656k free)

vm_info: Java HotSpot(TM) 64-Bit Server VM (25.121-b13) for windows-amd64 JRE (1.8.0_121-b13), built on Dec 12 2016 18:21:36 by "java_re" with MS VC++ 10.0 (VS2010)

time: Sat Jan 20 14:21:08 2018
elapsed time: 20 seconds (0d 0h 0m 20s)

